<?xml version="1.0" encoding="UTF-8"?>
<!-- Generated by org.testng.reporters.JUnitReportReporter -->
<testsuite hostname="DESKTOP-RL8SVL3" failures="0" tests="1" name="com.base.OpenBrowser" time="95.919" errors="0" timestamp="2023-07-26T17:40:59 IST" skipped="0">
  <testcase classname="com.base.OpenBrowser" name="demo" time="95.919"/>
</testsuite> <!-- com.base.OpenBrowser -->
