<?xml version="1.0" encoding="UTF-8"?>
<!-- Generated by org.testng.reporters.JUnitReportReporter -->
<testsuite hostname="DESKTOP-RL8SVL3" failures="0" tests="2" name="com.orangeHrm.test.LoginPageTest" time="44.814" errors="0" timestamp="2023-07-28T06:23:02 IST" skipped="0">
  <testcase classname="com.orangeHrm.test.LoginPageTest" name="verifyLogin" time="22.096"/>
  <testcase classname="com.orangeHrm.test.LoginPageTest" name="verifyLogo" time="22.718"/>
</testsuite> <!-- com.orangeHrm.test.LoginPageTest -->
